<?xml version="1.0" encoding="UTF-8"?>
<testng-results skipped="0" failed="0" ignored="0" total="1" passed="1">
  <reporter-output>
  </reporter-output>
  <suite name="Suite" duration-ms="5912" started-at="2017-02-22T05:20:56Z" finished-at="2017-02-22T05:21:02Z">
    <groups>
    </groups>
    <test name="Test" duration-ms="5912" started-at="2017-02-22T05:20:56Z" finished-at="2017-02-22T05:21:02Z">
      <class name="Jenkins.JenkinsTest">
        <test-method status="PASS" signature="jenkinsTest()[pri:0, instance:Jenkins.JenkinsTest@13b6d03]" name="jenkinsTest" duration-ms="5895" started-at="2017-02-22T00:20:56Z" finished-at="2017-02-22T00:21:02Z">
          <reporter-output>
          </reporter-output>
        </test-method> <!-- jenkinsTest -->
      </class> <!-- Jenkins.JenkinsTest -->
    </test> <!-- Test -->
  </suite> <!-- Suite -->
</testng-results>
